  SFML.cpp
C:\Users\matib\source\repos\SFML\SFML\SFML.cpp(264,79): warning C4244: "=": konwersja z "float" do "int", możliwa utrata danych
C:\Users\matib\source\repos\SFML\SFML\SFML.cpp(265,63): warning C4244: "=": konwersja z "float" do "int", możliwa utrata danych
C:\Users\matib\source\repos\SFML\SFML\SFML.cpp(266,75): warning C4244: "=": konwersja z "float" do "int", możliwa utrata danych
C:\Users\matib\source\repos\SFML\SFML\SFML.cpp(267,58): warning C4244: "=": konwersja z "float" do "int", możliwa utrata danych
C:\Users\matib\source\repos\SFML\SFML\SFML.cpp(329,86): warning C4244: "=": konwersja z "float" do "int", możliwa utrata danych
C:\Users\matib\source\repos\SFML\SFML\SFML.cpp(330,86): warning C4244: "=": konwersja z "float" do "int", możliwa utrata danych
C:\Users\matib\source\repos\SFML\SFML\SFML.cpp(391,83): warning C4244: "=": konwersja z "float" do "int", możliwa utrata danych
C:\Users\matib\source\repos\SFML\SFML\SFML.cpp(392,67): warning C4244: "=": konwersja z "float" do "int", możliwa utrata danych
C:\Users\matib\source\repos\SFML\SFML\SFML.cpp(405,32): warning C4305: "=": obcięcie z "double" do "float"
C:\Users\matib\source\repos\SFML\SFML\SFML.cpp(406,31): warning C4305: "=": obcięcie z "double" do "float"
C:\Users\matib\source\repos\SFML\SFML\SFML.cpp(442,34): warning C4305: "=": obcięcie z "double" do "float"
C:\Users\matib\source\repos\SFML\SFML\SFML.cpp(443,34): warning C4305: "=": obcięcie z "double" do "float"
C:\Users\matib\source\repos\SFML\SFML\SFML.cpp(8,30): warning C4244: "+=": konwersja z "float" do "int", możliwa utrata danych
C:\Users\matib\source\repos\SFML\SFML\SFML.cpp(8,30): warning C4244: "-=": konwersja z "float" do "int", możliwa utrata danych
C:\Users\matib\source\repos\SFML\SFML\SFML.cpp(631,99): warning C4244: "=": konwersja z "float" do "int", możliwa utrata danych
C:\Users\matib\source\repos\SFML\SFML\SFML.cpp(632,99): warning C4244: "=": konwersja z "float" do "int", możliwa utrata danych
C:\Users\matib\source\repos\SFML\SFML\SFML.cpp(671,134): warning C4244: "argument": konwersja z "int" do "float", możliwa utrata danych
C:\Users\matib\source\repos\SFML\SFML\SFML.cpp(671,78): warning C4244: "argument": konwersja z "int" do "float", możliwa utrata danych
C:\Users\matib\source\repos\SFML\SFML\SFML.cpp(697,98): warning C4244: "argument": konwersja z "int" do "float", możliwa utrata danych
C:\Users\matib\source\repos\SFML\SFML\SFML.cpp(697,62): warning C4244: "argument": konwersja z "int" do "float", możliwa utrata danych
  Trwa generowanie kodu
  Previous IPDB not found, fall back to full compilation.
  All 78 functions were compiled because no usable IPDB/IOBJ from previous compilation was found.
  Zakończono generowanie kodu
  SFML.vcxproj -> C:\Users\matib\source\repos\SFML\x64\Release\SFML.exe
