  ThrownItems.cpp
C:\Users\matib\source\repos\GITHUB\Programowanie\Vendos\Vendos\StructuresOfData.h(110,17): warning C4267: "inicjowanie": konwersja z "size_t" do "int", możliwa utrata danych
  (kompilowanie pliku źródłowego „ThrownItems.cpp”)
  
C:\Users\matib\source\repos\GITHUB\Programowanie\Vendos\Vendos\StructuresOfData.h(115,16): warning C4267: "inicjowanie": konwersja z "size_t" do "int", możliwa utrata danych
  (kompilowanie pliku źródłowego „ThrownItems.cpp”)
  
C:\Users\matib\source\repos\GITHUB\Programowanie\Vendos\Vendos\ThrownItems.cpp(25,32): warning C4244: "=": konwersja z "double" do "T", możliwa utrata danych
C:\Users\matib\source\repos\GITHUB\Programowanie\Vendos\Vendos\ThrownItems.cpp(25,32): warning C4244:         with
C:\Users\matib\source\repos\GITHUB\Programowanie\Vendos\Vendos\ThrownItems.cpp(25,32): warning C4244:         [
C:\Users\matib\source\repos\GITHUB\Programowanie\Vendos\Vendos\ThrownItems.cpp(25,32): warning C4244:             T=float
C:\Users\matib\source\repos\GITHUB\Programowanie\Vendos\Vendos\ThrownItems.cpp(25,32): warning C4244:         ]
C:\Users\matib\source\repos\GITHUB\Programowanie\Vendos\Vendos\ThrownItems.cpp(26,49): warning C4244: "=": konwersja z "double" do "T", możliwa utrata danych
C:\Users\matib\source\repos\GITHUB\Programowanie\Vendos\Vendos\ThrownItems.cpp(26,49): warning C4244:         with
C:\Users\matib\source\repos\GITHUB\Programowanie\Vendos\Vendos\ThrownItems.cpp(26,49): warning C4244:         [
C:\Users\matib\source\repos\GITHUB\Programowanie\Vendos\Vendos\ThrownItems.cpp(26,49): warning C4244:             T=float
C:\Users\matib\source\repos\GITHUB\Programowanie\Vendos\Vendos\ThrownItems.cpp(26,49): warning C4244:         ]
C:\Users\matib\source\repos\GITHUB\Programowanie\Vendos\Vendos\ThrownItems.cpp(69,21): warning C4267: "=": konwersja z "size_t" do "int", możliwa utrata danych
C:\Users\matib\source\repos\GITHUB\Programowanie\Vendos\Vendos\ThrownItems.cpp(70,19): warning C4267: "=": konwersja z "size_t" do "int", możliwa utrata danych
C:\Users\matib\source\repos\GITHUB\Programowanie\Vendos\Vendos\ThrownItems.cpp(82,21): warning C4267: "=": konwersja z "size_t" do "int", możliwa utrata danych
C:\Users\matib\source\repos\GITHUB\Programowanie\Vendos\Vendos\ThrownItems.cpp(83,19): warning C4267: "=": konwersja z "size_t" do "int", możliwa utrata danych
C:\Users\matib\source\repos\GITHUB\Programowanie\Vendos\Vendos\ThrownItems.cpp(94,23): warning C4244: "=": konwersja z "double" do "float", możliwa utrata danych
C:\Users\matib\source\repos\GITHUB\Programowanie\Vendos\Vendos\ThrownItems.cpp(184,27): warning C4244: "=": konwersja z "double" do "T", możliwa utrata danych
C:\Users\matib\source\repos\GITHUB\Programowanie\Vendos\Vendos\ThrownItems.cpp(184,27): warning C4244:         with
C:\Users\matib\source\repos\GITHUB\Programowanie\Vendos\Vendos\ThrownItems.cpp(184,27): warning C4244:         [
C:\Users\matib\source\repos\GITHUB\Programowanie\Vendos\Vendos\ThrownItems.cpp(184,27): warning C4244:             T=float
C:\Users\matib\source\repos\GITHUB\Programowanie\Vendos\Vendos\ThrownItems.cpp(184,27): warning C4244:         ]
C:\Users\matib\source\repos\GITHUB\Programowanie\Vendos\Vendos\ThrownItems.cpp(185,27): warning C4244: "=": konwersja z "double" do "T", możliwa utrata danych
C:\Users\matib\source\repos\GITHUB\Programowanie\Vendos\Vendos\ThrownItems.cpp(185,27): warning C4244:         with
C:\Users\matib\source\repos\GITHUB\Programowanie\Vendos\Vendos\ThrownItems.cpp(185,27): warning C4244:         [
C:\Users\matib\source\repos\GITHUB\Programowanie\Vendos\Vendos\ThrownItems.cpp(185,27): warning C4244:             T=float
C:\Users\matib\source\repos\GITHUB\Programowanie\Vendos\Vendos\ThrownItems.cpp(185,27): warning C4244:         ]
C:\Users\matib\source\repos\GITHUB\Programowanie\Vendos\Vendos\ThrownItems.cpp(359,27): warning C4244: "=": konwersja z "double" do "T", możliwa utrata danych
C:\Users\matib\source\repos\GITHUB\Programowanie\Vendos\Vendos\ThrownItems.cpp(359,27): warning C4244:         with
C:\Users\matib\source\repos\GITHUB\Programowanie\Vendos\Vendos\ThrownItems.cpp(359,27): warning C4244:         [
C:\Users\matib\source\repos\GITHUB\Programowanie\Vendos\Vendos\ThrownItems.cpp(359,27): warning C4244:             T=float
C:\Users\matib\source\repos\GITHUB\Programowanie\Vendos\Vendos\ThrownItems.cpp(359,27): warning C4244:         ]
C:\Users\matib\source\repos\GITHUB\Programowanie\Vendos\Vendos\ThrownItems.cpp(360,27): warning C4244: "=": konwersja z "double" do "T", możliwa utrata danych
C:\Users\matib\source\repos\GITHUB\Programowanie\Vendos\Vendos\ThrownItems.cpp(360,27): warning C4244:         with
C:\Users\matib\source\repos\GITHUB\Programowanie\Vendos\Vendos\ThrownItems.cpp(360,27): warning C4244:         [
C:\Users\matib\source\repos\GITHUB\Programowanie\Vendos\Vendos\ThrownItems.cpp(360,27): warning C4244:             T=float
C:\Users\matib\source\repos\GITHUB\Programowanie\Vendos\Vendos\ThrownItems.cpp(360,27): warning C4244:         ]
C:\Users\matib\source\repos\GITHUB\Programowanie\Vendos\Vendos\ThrownItems.cpp(459,1): warning C4715: "`ThrownItems::update2'::`5'::<lambda_1>::operator()<ThrownItems *>”: niewszystkie ścieżki kodu zwracają wartość
  Vendos.vcxproj -> C:\Users\matib\source\repos\GITHUB\Programowanie\Vendos\x64\Debug\Vendos.exe
