  Camera.cpp
C:\Users\matib\source\repos\GITHUB\Programowanie\Vendos Zero\Vendos\Camera.cpp(95,12): warning C4244: "inicjowanie": konwersja z "T" do "int", możliwa utrata danych
          with
          [
              T=float
          ]
C:\Users\matib\source\repos\GITHUB\Programowanie\Vendos Zero\Vendos\Camera.cpp(96,13): warning C4244: "inicjowanie": konwersja z "T" do "int", możliwa utrata danych
          with
          [
              T=float
          ]
C:\Users\matib\source\repos\GITHUB\Programowanie\Vendos Zero\Vendos\Camera.cpp(97,11): warning C4244: "inicjowanie": konwersja z "T" do "int", możliwa utrata danych
          with
          [
              T=float
          ]
C:\Users\matib\source\repos\GITHUB\Programowanie\Vendos Zero\Vendos\Camera.cpp(98,11): warning C4244: "inicjowanie": konwersja z "T" do "int", możliwa utrata danych
          with
          [
              T=float
          ]
C:\Users\matib\source\repos\GITHUB\Programowanie\Vendos Zero\Vendos\Camera.cpp(111,10): warning C4244: "inicjowanie": konwersja z "T" do "int", możliwa utrata danych
          with
          [
              T=float
          ]
C:\Users\matib\source\repos\GITHUB\Programowanie\Vendos Zero\Vendos\Camera.cpp(112,10): warning C4244: "inicjowanie": konwersja z "T" do "int", możliwa utrata danych
          with
          [
              T=float
          ]
C:\Users\matib\source\repos\GITHUB\Programowanie\Vendos Zero\Vendos\Camera.cpp(113,10): warning C4244: "inicjowanie": konwersja z "T" do "int", możliwa utrata danych
          with
          [
              T=float
          ]
C:\Users\matib\source\repos\GITHUB\Programowanie\Vendos Zero\Vendos\Camera.cpp(114,10): warning C4244: "inicjowanie": konwersja z "T" do "int", możliwa utrata danych
          with
          [
              T=float
          ]
C:\Users\matib\source\repos\GITHUB\Programowanie\Vendos Zero\Vendos\Camera.cpp(149,10): warning C4244: "inicjowanie": konwersja z "T" do "int", możliwa utrata danych
          with
          [
              T=float
          ]
C:\Users\matib\source\repos\GITHUB\Programowanie\Vendos Zero\Vendos\Camera.cpp(150,10): warning C4244: "inicjowanie": konwersja z "T" do "int", możliwa utrata danych
          with
          [
              T=float
          ]
C:\Users\matib\source\repos\GITHUB\Programowanie\Vendos Zero\Vendos\Camera.cpp(151,10): warning C4244: "inicjowanie": konwersja z "T" do "int", możliwa utrata danych
          with
          [
              T=float
          ]
C:\Users\matib\source\repos\GITHUB\Programowanie\Vendos Zero\Vendos\Camera.cpp(152,10): warning C4244: "inicjowanie": konwersja z "T" do "int", możliwa utrata danych
          with
          [
              T=float
          ]
C:\Users\matib\source\repos\GITHUB\Programowanie\Vendos Zero\Vendos\Camera.cpp(188,10): warning C4244: "inicjowanie": konwersja z "T" do "int", możliwa utrata danych
          with
          [
              T=float
          ]
C:\Users\matib\source\repos\GITHUB\Programowanie\Vendos Zero\Vendos\Camera.cpp(189,10): warning C4244: "inicjowanie": konwersja z "T" do "int", możliwa utrata danych
          with
          [
              T=float
          ]
C:\Users\matib\source\repos\GITHUB\Programowanie\Vendos Zero\Vendos\Camera.cpp(190,10): warning C4244: "inicjowanie": konwersja z "T" do "int", możliwa utrata danych
          with
          [
              T=float
          ]
C:\Users\matib\source\repos\GITHUB\Programowanie\Vendos Zero\Vendos\Camera.cpp(191,10): warning C4244: "inicjowanie": konwersja z "T" do "int", możliwa utrata danych
          with
          [
              T=float
          ]
C:\Users\matib\source\repos\GITHUB\Programowanie\Vendos Zero\Vendos\Camera.cpp(224,10): warning C4244: "inicjowanie": konwersja z "T" do "int", możliwa utrata danych
          with
          [
              T=float
          ]
C:\Users\matib\source\repos\GITHUB\Programowanie\Vendos Zero\Vendos\Camera.cpp(225,10): warning C4244: "inicjowanie": konwersja z "T" do "int", możliwa utrata danych
          with
          [
              T=float
          ]
C:\Users\matib\source\repos\GITHUB\Programowanie\Vendos Zero\Vendos\Camera.cpp(226,10): warning C4244: "inicjowanie": konwersja z "T" do "int", możliwa utrata danych
          with
          [
              T=float
          ]
C:\Users\matib\source\repos\GITHUB\Programowanie\Vendos Zero\Vendos\Camera.cpp(227,10): warning C4244: "inicjowanie": konwersja z "T" do "int", możliwa utrata danych
          with
          [
              T=float
          ]
C:\Users\matib\source\repos\GITHUB\Programowanie\Vendos Zero\Vendos\Camera.cpp(269,15): warning C4244: "inicjowanie": konwersja z "float" do "int", możliwa utrata danych
C:\Users\matib\source\repos\GITHUB\Programowanie\Vendos Zero\Vendos\Camera.cpp(271,23): warning C4244: "inicjowanie": konwersja z "int" do "float", możliwa utrata danych
C:\Users\matib\source\repos\GITHUB\Programowanie\Vendos Zero\Vendos\Camera.cpp(280,22): warning C4244: "inicjowanie": konwersja z "float" do "int", możliwa utrata danych
C:\Users\matib\source\repos\GITHUB\Programowanie\Vendos Zero\Vendos\Camera.cpp(307,47): warning C4244: "argument": konwersja z "float" do "T", możliwa utrata danych
          with
          [
              T=int
          ]
  Game.cpp
  Main.cpp
  State.cpp
C:\Users\matib\source\repos\GITHUB\Programowanie\Vendos Zero\Vendos\State.cpp(92,98): warning C4244: "argument": konwersja z "T" do "float", możliwa utrata danych
          with
          [
              T=int
          ]
C:\Users\matib\source\repos\GITHUB\Programowanie\Vendos Zero\Vendos\State.cpp(93,53): warning C4244: "argument": konwersja z "T" do "float", możliwa utrata danych
          with
          [
              T=int
          ]
  StateMenu.cpp
  StateSpawnPlace.cpp
C:\Users\matib\source\repos\GITHUB\Programowanie\Vendos Zero\Vendos\StateSpawnPlace.cpp(64,8): warning C4244: "inicjowanie": konwersja z "T" do "int", możliwa utrata danych
          with
          [
              T=float
          ]
C:\Users\matib\source\repos\GITHUB\Programowanie\Vendos Zero\Vendos\StateSpawnPlace.cpp(65,8): warning C4244: "inicjowanie": konwersja z "T" do "int", możliwa utrata danych
          with
          [
              T=float
          ]
  Generowanie kodu...
C:\Users\matib\source\repos\GITHUB\Programowanie\Vendos Zero\Vendos\Camera.cpp(74): warning C4715: "Camera::checkIfBackGroundMoveable”: niewszystkie ścieżki kodu zwracają wartość
  Vendos.vcxproj -> C:\Users\matib\source\repos\GITHUB\Programowanie\Vendos Zero\x64\Debug\Vendos.exe
