<<<<<<< HEAD
﻿C:\Program Files\Microsoft Visual Studio\2022\Community\MSBuild\Microsoft\VC\v170\Microsoft.CppBuild.targets(531,5): warning MSB8028: Katalog pośredni (x64\Debug\) zawiera pliki udostępnione z innego projektu (SFML_Start.vcxproj). Może to spowodować niepoprawne zachowanie podczas oczyszczania i ponownej kompilacji.
  Game.cpp
  Main.cpp
  Generowanie kodu...
  SFML_Start.vcxproj -> C:\Users\matib\source\repos\GITHUB\Programowanie\SFML_Szachy\x64\Debug\SFML_Szachy.exe
=======
﻿C:\Program Files\Microsoft Visual Studio\2022\Community\MSBuild\Microsoft\VC\v170\Microsoft.CppBuild.targets(517,5): warning MSB8028: Katalog pośredni (x64\Debug\) zawiera pliki udostępnione z innego projektu (SFML_Start.vcxproj). Może to spowodować niepoprawne zachowanie podczas oczyszczania i ponownej kompilacji.
  Figura.cpp
  Game.cpp
  PiecesMovement.cpp
  SFML_Start.cpp
  Szachownica.cpp
C:\Users\mbiernat\source\repos\SFML_Szachy\SFML_Start\Szachownica.cpp(144,74): warning C4244: "argument": konwersja z "int" do "float", możliwa utrata danych
C:\Users\mbiernat\source\repos\SFML_Szachy\SFML_Start\Szachownica.cpp(144,53): warning C4244: "argument": konwersja z "int" do "float", możliwa utrata danych
C:\Users\mbiernat\source\repos\SFML_Szachy\SFML_Start\Szachownica.cpp(146,73): warning C4244: "argument": konwersja z "int" do "float", możliwa utrata danych
C:\Users\mbiernat\source\repos\SFML_Szachy\SFML_Start\Szachownica.cpp(146,58): warning C4244: "argument": konwersja z "int" do "float", możliwa utrata danych
  Generowanie kodu...
  SFML_Start.vcxproj -> C:\Users\mbiernat\source\repos\SFML_Szachy\x64\Debug\SFML_Szachy.exe
>>>>>>> 62aa2c46b80bd51f4099328a85205c0098f2123f
